生成启动时间为 2020/2/15 12:57:13。
     1>项目“C:\Users\中国人\Documents\bit71\test12_15\test12.15\test12.15\test12.15.vcxproj”在节点 2 上(Build 个目标)。
     1>ClCompile:
         C:\Program Files (x86)\Microsoft Visual Studio 12.0\VC\bin\CL.exe /c /ZI /nologo /W3 /WX- /sdl /Od /Oy- /D _MBCS /Gm /EHsc /RTC1 /MDd /GS /fp:precise /Zc:wchar_t /Zc:forScope /Fo"Debug\\" /Fd"Debug\vc120.pdb" /Gd /TC /analyze- /errorReport:prompt test.c
         test.c
     1>c:\users\中国人\documents\bit71\test12_15\test12.15\test12.15\test.c(13): error C2061: 语法错误: 标识符“Swap1”
     1>c:\users\中国人\documents\bit71\test12_15\test12.15\test12.15\test.c(13): error C2059: 语法错误:“;”
     1>c:\users\中国人\documents\bit71\test12_15\test12.15\test12.15\test.c(13): error C2059: 语法错误:“类型”
     1>c:\users\中国人\documents\bit71\test12_15\test12.15\test12.15\test.c(20): error C2061: 语法错误: 标识符“Swap2”
     1>c:\users\中国人\documents\bit71\test12_15\test12.15\test12.15\test.c(20): error C2059: 语法错误:“;”
     1>c:\users\中国人\documents\bit71\test12_15\test12.15\test12.15\test.c(20): error C2059: 语法错误:“类型”
     1>c:\users\中国人\documents\bit71\test12_15\test12.15\test12.15\test.c(28): error C2084: 函数“int main()”已有主体
                 c:\users\中国人\documents\bit71\test12_15\test12.15\test12.15\test.c(2) : 参见“main”的前一个定义
     1>c:\users\中国人\documents\bit71\test12_15\test12.15\test12.15\test.c(31): warning C4013: “Swap1”未定义；假设外部返回 int
     1>c:\users\中国人\documents\bit71\test12_15\test12.15\test12.15\test.c(32): error C2146: 语法错误: 缺少“;”(在标识符“pfintf”的前面)
     1>c:\users\中国人\documents\bit71\test12_15\test12.15\test12.15\test.c(32): warning C4013: “pfintf”未定义；假设外部返回 int
     1>c:\users\中国人\documents\bit71\test12_15\test12.15\test12.15\test.c(32): error C2146: 语法错误: 缺少“)”(在标识符“num2”的前面)
     1>c:\users\中国人\documents\bit71\test12_15\test12.15\test12.15\test.c(32): error C2059: 语法错误:“)”
     1>已完成生成项目“C:\Users\中国人\Documents\bit71\test12_15\test12.15\test12.15\test12.15.vcxproj”(Build 个目标)的操作 - 失败。

生成失败。

已用时间 00:00:02.60
