生成启动时间为 2020/3/13 9:44:37。
     1>项目“C:\Users\中国人\Documents\bit71\test12_15\test.12-15\test.12-15\test.12-15.vcxproj”在节点 2 上(build 个目标)。
     1>InitializeBuildStatus:
         正在对“Debug\test.12-15.unsuccessfulbuild”执行 Touch 任务。
       ClCompile:
         C:\Program Files (x86)\Microsoft Visual Studio 10.0\VC\bin\CL.exe /c /ZI /nologo /W3 /WX- /Od /Oy- /D _MBCS /Gm /EHsc /RTC1 /MDd /GS /fp:precise /Zc:wchar_t /Zc:forScope /Fo"Debug\\" /Fd"Debug\vc100.pdb" /Gd /TC /analyze- /errorReport:prompt test.c
         test.c
     1>c:\users\中国人\documents\bit71\test12_15\test.12-15\test.12-15\test.c(73): warning C4996: 'scanf': This function or variable may be unsafe. Consider using scanf_s instead. To disable deprecation, use _CRT_SECURE_NO_WARNINGS. See online help for details.
                 c:\program files (x86)\microsoft visual studio 10.0\vc\include\stdio.h(304) : 参见“scanf”的声明
     1>c:\users\中国人\documents\bit71\test12_15\test.12-15\test.12-15\test.c(79): error C2449: 在文件范围内找到“{”(是否缺少函数头?)
     1>c:\users\中国人\documents\bit71\test12_15\test.12-15\test.12-15\test.c(83): error C2059: 语法错误:“}”
     1>已完成生成项目“C:\Users\中国人\Documents\bit71\test12_15\test.12-15\test.12-15\test.12-15.vcxproj”(build 个目标)的操作 - 失败。

生成失败。

已用时间 00:00:07.41
